<?xml version="1.0" encoding="UTF-8"?>
<!-- Generated by org.testng.reporters.JUnitReportReporter -->
<testsuite hostname="Abdulraheem" failures="0" tests="11" name="homePage.myTestcases" time="19.227" errors="0" timestamp="2024-08-18T19:57:49 EET" skipped="0">
  <testcase classname="homePage.myTestcases" name="CheckTheDefaultLangugeIsEnglish" time="0.027"/>
  <system-out/>
  <testcase classname="homePage.myTestcases" name="CheckdefaultCurrency" time="0.021"/>
  <system-out/>
  <testcase classname="homePage.myTestcases" name="CheckContactNumber" time="0.024"/>
  <system-out/>
  <testcase classname="homePage.myTestcases" name="CheckQitagLogo" time="0.052"/>
  <system-out/>
  <testcase classname="homePage.myTestcases" name="TestHotelTabIsNotSelected" time="0.019"/>
  <system-out/>
  <testcase classname="homePage.myTestcases" name="CheckDepatureDate" time="0.075"/>
  <system-out/>
  <testcase classname="homePage.myTestcases" name="RandomlyChangeTheLanguage" time="1.280"/>
  <system-out/>
  <testcase classname="homePage.myTestcases" name="FillHotelTab" time="0.373"/>
  <system-out/>
  <testcase classname="homePage.myTestcases" name="RandomlySelectTheNumberOfVistor" time="3.210"/>
  <system-out/>
  <testcase classname="homePage.myTestcases" name="CheckThePageFullyLoaded" time="13.787"/>
  <system-out/>
  <testcase classname="homePage.myTestcases" name="SortItemsLowestToHighestPrice" time="0.359"/>
  <system-out/>
</testsuite> <!-- homePage.myTestcases -->
