<?xml version="1.0" encoding="UTF-8"?>
<!-- Generated by org.testng.reporters.JUnitReportReporter -->
<testsuite hostname="Abdulraheem" failures="0" tests="4" name="homePage.myTestcases" time="0.223" errors="0" timestamp="2024-08-14T19:38:18 EET" skipped="0">
  <testcase classname="homePage.myTestcases" name="CheckQitagLogo" time="0.104"/>
  <system-out/>
  <testcase classname="homePage.myTestcases" name="CheckTheDefaultLangugeIsEnglish" time="0.058"/>
  <system-out/>
  <testcase classname="homePage.myTestcases" name="CheckdefaultCurrency" time="0.032"/>
  <system-out/>
  <testcase classname="homePage.myTestcases" name="CheckContactNumber" time="0.029"/>
  <system-out/>
</testsuite> <!-- homePage.myTestcases -->
